0 silly argv {
0 silly argv   _: [ 'import' ],
0 silly argv   lernaVersion: '4.0.0',
0 silly argv   '$0': 'lerna',
0 silly argv   dir: '/Users/admin/Documents/projects/npm/operate-excel'
0 silly argv }
1 notice cli v4.0.0
2 verbose rootPath /Users/admin/Documents/projects/npm/utilities
3 info versioning independent
4 error Error: Command failed with exit code 128: git rev-parse HEAD
4 error fatal: ambiguous argument 'HEAD': unknown revision or path not in the working tree.
4 error Use '--' to separate paths from revisions, like this:
4 error 'git <command> [<revision>...] -- [<file>...]'
4 error HEAD
4 error     at makeError (/Users/admin/.nvm/versions/node/v14.17.6/lib/node_modules/lerna/node_modules/execa/lib/error.js:60:11)
4 error     at Function.module.exports.sync (/Users/admin/.nvm/versions/node/v14.17.6/lib/node_modules/lerna/node_modules/execa/index.js:194:17)
4 error     at Object.execSync (/Users/admin/.nvm/versions/node/v14.17.6/lib/node_modules/lerna/node_modules/@lerna/child-process/index.js:39:16)
4 error     at ImportCommand.execSync (/Users/admin/.nvm/versions/node/v14.17.6/lib/node_modules/lerna/node_modules/@lerna/import/index.js:141:25)
4 error     at ImportCommand.getCurrentSHA (/Users/admin/.nvm/versions/node/v14.17.6/lib/node_modules/lerna/node_modules/@lerna/import/index.js:133:17)
4 error     at ImportCommand.initialize (/Users/admin/.nvm/versions/node/v14.17.6/lib/node_modules/lerna/node_modules/@lerna/import/index.js:102:31)
4 error     at /Users/admin/.nvm/versions/node/v14.17.6/lib/node_modules/lerna/node_modules/@lerna/command/index.js:274:24
